[2020-11-30 18:56:11] app.INFO: Exporting mail with theme modern for language English (English) [] []
[2020-11-30 18:56:11] app.INFO: Core output folder: /opt/bitnami/prestashop/mails [] []
[2020-11-30 18:56:11] app.INFO: Modules output folder: /opt/bitnami/prestashop/modules/ [] []
[2020-11-30 18:56:12] app.INFO: Generate html template account at /opt/bitnami/prestashop/mails/en/account.html [] []
[2020-11-30 18:56:12] app.INFO: Generate txt template account at /opt/bitnami/prestashop/mails/en/account.txt [] []
[2020-11-30 18:56:13] app.INFO: Generate html template backoffice_order at /opt/bitnami/prestashop/mails/en/backoffice_order.html [] []
[2020-11-30 18:56:13] app.INFO: Generate txt template backoffice_order at /opt/bitnami/prestashop/mails/en/backoffice_order.txt [] []
[2020-11-30 18:56:13] app.INFO: Generate html template bankwire at /opt/bitnami/prestashop/mails/en/bankwire.html [] []
[2020-11-30 18:56:13] app.INFO: Generate txt template bankwire at /opt/bitnami/prestashop/mails/en/bankwire.txt [] []
[2020-11-30 18:56:13] app.INFO: Generate html template cheque at /opt/bitnami/prestashop/mails/en/cheque.html [] []
[2020-11-30 18:56:13] app.INFO: Generate txt template cheque at /opt/bitnami/prestashop/mails/en/cheque.txt [] []
[2020-11-30 18:56:13] app.INFO: Generate html template contact at /opt/bitnami/prestashop/mails/en/contact.html [] []
[2020-11-30 18:56:13] app.INFO: Generate txt template contact at /opt/bitnami/prestashop/mails/en/contact.txt [] []
[2020-11-30 18:56:13] app.INFO: Generate html template contact_form at /opt/bitnami/prestashop/mails/en/contact_form.html [] []
[2020-11-30 18:56:13] app.INFO: Generate txt template contact_form at /opt/bitnami/prestashop/mails/en/contact_form.txt [] []
[2020-11-30 18:56:13] app.INFO: Generate html template credit_slip at /opt/bitnami/prestashop/mails/en/credit_slip.html [] []
[2020-11-30 18:56:13] app.INFO: Generate txt template credit_slip at /opt/bitnami/prestashop/mails/en/credit_slip.txt [] []
[2020-11-30 18:56:13] app.INFO: Generate html template download_product at /opt/bitnami/prestashop/mails/en/download_product.html [] []
[2020-11-30 18:56:13] app.INFO: Generate txt template download_product at /opt/bitnami/prestashop/mails/en/download_product.txt [] []
[2020-11-30 18:56:13] app.INFO: Generate html template employee_password at /opt/bitnami/prestashop/mails/en/employee_password.html [] []
[2020-11-30 18:56:13] app.INFO: Generate txt template employee_password at /opt/bitnami/prestashop/mails/en/employee_password.txt [] []
[2020-11-30 18:56:13] app.INFO: Generate html template forward_msg at /opt/bitnami/prestashop/mails/en/forward_msg.html [] []
[2020-11-30 18:56:13] app.INFO: Generate txt template forward_msg at /opt/bitnami/prestashop/mails/en/forward_msg.txt [] []
[2020-11-30 18:56:13] app.INFO: Generate html template guest_to_customer at /opt/bitnami/prestashop/mails/en/guest_to_customer.html [] []
[2020-11-30 18:56:13] app.INFO: Generate txt template guest_to_customer at /opt/bitnami/prestashop/mails/en/guest_to_customer.txt [] []
[2020-11-30 18:56:13] app.INFO: Generate html template import at /opt/bitnami/prestashop/mails/en/import.html [] []
[2020-11-30 18:56:13] app.INFO: Generate txt template import at /opt/bitnami/prestashop/mails/en/import.txt [] []
[2020-11-30 18:56:13] app.INFO: Generate html template in_transit at /opt/bitnami/prestashop/mails/en/in_transit.html [] []
[2020-11-30 18:56:13] app.INFO: Generate txt template in_transit at /opt/bitnami/prestashop/mails/en/in_transit.txt [] []
[2020-11-30 18:56:13] app.INFO: Generate html template log_alert at /opt/bitnami/prestashop/mails/en/log_alert.html [] []
[2020-11-30 18:56:13] app.INFO: Generate txt template log_alert at /opt/bitnami/prestashop/mails/en/log_alert.txt [] []
[2020-11-30 18:56:13] app.INFO: Generate html template newsletter at /opt/bitnami/prestashop/mails/en/newsletter.html [] []
[2020-11-30 18:56:13] app.INFO: Generate txt template newsletter at /opt/bitnami/prestashop/mails/en/newsletter.txt [] []
[2020-11-30 18:56:13] app.INFO: Generate html template order_canceled at /opt/bitnami/prestashop/mails/en/order_canceled.html [] []
[2020-11-30 18:56:13] app.INFO: Generate txt template order_canceled at /opt/bitnami/prestashop/mails/en/order_canceled.txt [] []
[2020-11-30 18:56:13] app.INFO: Generate html template order_changed at /opt/bitnami/prestashop/mails/en/order_changed.html [] []
[2020-11-30 18:56:13] app.INFO: Generate txt template order_changed at /opt/bitnami/prestashop/mails/en/order_changed.txt [] []
[2020-11-30 18:56:13] app.INFO: Generate html template order_conf at /opt/bitnami/prestashop/mails/en/order_conf.html [] []
[2020-11-30 18:56:13] app.INFO: Generate txt template order_conf at /opt/bitnami/prestashop/mails/en/order_conf.txt [] []
[2020-11-30 18:56:14] app.INFO: Generate html template order_customer_comment at /opt/bitnami/prestashop/mails/en/order_customer_comment.html [] []
[2020-11-30 18:56:14] app.INFO: Generate txt template order_customer_comment at /opt/bitnami/prestashop/mails/en/order_customer_comment.txt [] []
[2020-11-30 18:56:14] app.INFO: Generate html template order_merchant_comment at /opt/bitnami/prestashop/mails/en/order_merchant_comment.html [] []
[2020-11-30 18:56:14] app.INFO: Generate txt template order_merchant_comment at /opt/bitnami/prestashop/mails/en/order_merchant_comment.txt [] []
[2020-11-30 18:56:14] app.INFO: Generate html template order_return_state at /opt/bitnami/prestashop/mails/en/order_return_state.html [] []
[2020-11-30 18:56:14] app.INFO: Generate txt template order_return_state at /opt/bitnami/prestashop/mails/en/order_return_state.txt [] []
[2020-11-30 18:56:14] app.INFO: Generate html template outofstock at /opt/bitnami/prestashop/mails/en/outofstock.html [] []
[2020-11-30 18:56:14] app.INFO: Generate txt template outofstock at /opt/bitnami/prestashop/mails/en/outofstock.txt [] []
[2020-11-30 18:56:14] app.INFO: Generate html template password at /opt/bitnami/prestashop/mails/en/password.html [] []
[2020-11-30 18:56:14] app.INFO: Generate txt template password at /opt/bitnami/prestashop/mails/en/password.txt [] []
[2020-11-30 18:56:14] app.INFO: Generate html template password_query at /opt/bitnami/prestashop/mails/en/password_query.html [] []
[2020-11-30 18:56:14] app.INFO: Generate txt template password_query at /opt/bitnami/prestashop/mails/en/password_query.txt [] []
[2020-11-30 18:56:14] app.INFO: Generate html template payment at /opt/bitnami/prestashop/mails/en/payment.html [] []
[2020-11-30 18:56:14] app.INFO: Generate txt template payment at /opt/bitnami/prestashop/mails/en/payment.txt [] []
[2020-11-30 18:56:14] app.INFO: Generate html template payment_error at /opt/bitnami/prestashop/mails/en/payment_error.html [] []
[2020-11-30 18:56:14] app.INFO: Generate txt template payment_error at /opt/bitnami/prestashop/mails/en/payment_error.txt [] []
[2020-11-30 18:56:14] app.INFO: Generate html template preparation at /opt/bitnami/prestashop/mails/en/preparation.html [] []
[2020-11-30 18:56:14] app.INFO: Generate txt template preparation at /opt/bitnami/prestashop/mails/en/preparation.txt [] []
[2020-11-30 18:56:14] app.INFO: Generate html template productoutofstock at /opt/bitnami/prestashop/mails/en/productoutofstock.html [] []
[2020-11-30 18:56:14] app.INFO: Generate txt template productoutofstock at /opt/bitnami/prestashop/mails/en/productoutofstock.txt [] []
[2020-11-30 18:56:14] app.INFO: Generate html template refund at /opt/bitnami/prestashop/mails/en/refund.html [] []
[2020-11-30 18:56:14] app.INFO: Generate txt template refund at /opt/bitnami/prestashop/mails/en/refund.txt [] []
[2020-11-30 18:56:14] app.INFO: Generate html template reply_msg at /opt/bitnami/prestashop/mails/en/reply_msg.html [] []
[2020-11-30 18:56:14] app.INFO: Generate txt template reply_msg at /opt/bitnami/prestashop/mails/en/reply_msg.txt [] []
[2020-11-30 18:56:14] app.INFO: Generate html template shipped at /opt/bitnami/prestashop/mails/en/shipped.html [] []
[2020-11-30 18:56:14] app.INFO: Generate txt template shipped at /opt/bitnami/prestashop/mails/en/shipped.txt [] []
[2020-11-30 18:56:14] app.INFO: Generate html template test at /opt/bitnami/prestashop/mails/en/test.html [] []
[2020-11-30 18:56:14] app.INFO: Generate txt template test at /opt/bitnami/prestashop/mails/en/test.txt [] []
[2020-11-30 18:56:14] app.INFO: Generate html template voucher at /opt/bitnami/prestashop/mails/en/voucher.html [] []
[2020-11-30 18:56:14] app.INFO: Generate txt template voucher at /opt/bitnami/prestashop/mails/en/voucher.txt [] []
[2020-11-30 18:56:14] app.INFO: Generate html template voucher_new at /opt/bitnami/prestashop/mails/en/voucher_new.html [] []
[2020-11-30 18:56:14] app.INFO: Generate txt template voucher_new at /opt/bitnami/prestashop/mails/en/voucher_new.txt [] []
[2020-11-30 18:56:14] app.INFO: Generate html template followup_1 at /opt/bitnami/prestashop/modules//followup/mails/en/followup_1.html [] []
[2020-11-30 18:56:14] app.INFO: Generate txt template followup_1 at /opt/bitnami/prestashop/modules//followup/mails/en/followup_1.txt [] []
[2020-11-30 18:56:14] app.INFO: Generate html template followup_2 at /opt/bitnami/prestashop/modules//followup/mails/en/followup_2.html [] []
[2020-11-30 18:56:14] app.INFO: Generate txt template followup_2 at /opt/bitnami/prestashop/modules//followup/mails/en/followup_2.txt [] []
[2020-11-30 18:56:14] app.INFO: Generate html template followup_3 at /opt/bitnami/prestashop/modules//followup/mails/en/followup_3.html [] []
[2020-11-30 18:56:14] app.INFO: Generate txt template followup_3 at /opt/bitnami/prestashop/modules//followup/mails/en/followup_3.txt [] []
[2020-11-30 18:56:14] app.INFO: Generate html template followup_4 at /opt/bitnami/prestashop/modules//followup/mails/en/followup_4.html [] []
[2020-11-30 18:56:14] app.INFO: Generate txt template followup_4 at /opt/bitnami/prestashop/modules//followup/mails/en/followup_4.txt [] []
[2020-11-30 18:56:14] app.INFO: Generate html template customer_qty at /opt/bitnami/prestashop/modules//ps_emailalerts/mails/en/customer_qty.html [] []
[2020-11-30 18:56:14] app.INFO: Generate txt template customer_qty at /opt/bitnami/prestashop/modules//ps_emailalerts/mails/en/customer_qty.txt [] []
[2020-11-30 18:56:15] app.INFO: Generate html template new_order at /opt/bitnami/prestashop/modules//ps_emailalerts/mails/en/new_order.html [] []
[2020-11-30 18:56:15] app.INFO: Generate txt template new_order at /opt/bitnami/prestashop/modules//ps_emailalerts/mails/en/new_order.txt [] []
[2020-11-30 18:56:15] app.INFO: Generate html template order_changed at /opt/bitnami/prestashop/modules//ps_emailalerts/mails/en/order_changed.html [] []
[2020-11-30 18:56:15] app.INFO: Generate txt template order_changed at /opt/bitnami/prestashop/modules//ps_emailalerts/mails/en/order_changed.txt [] []
[2020-11-30 18:56:15] app.INFO: Generate html template productcoverage at /opt/bitnami/prestashop/modules//ps_emailalerts/mails/en/productcoverage.html [] []
[2020-11-30 18:56:15] app.INFO: Generate txt template productcoverage at /opt/bitnami/prestashop/modules//ps_emailalerts/mails/en/productcoverage.txt [] []
[2020-11-30 18:56:15] app.INFO: Generate html template productoutofstock at /opt/bitnami/prestashop/modules//ps_emailalerts/mails/en/productoutofstock.html [] []
[2020-11-30 18:56:15] app.INFO: Generate txt template productoutofstock at /opt/bitnami/prestashop/modules//ps_emailalerts/mails/en/productoutofstock.txt [] []
[2020-11-30 18:56:15] app.INFO: Generate html template return_slip at /opt/bitnami/prestashop/modules//ps_emailalerts/mails/en/return_slip.html [] []
[2020-11-30 18:56:15] app.INFO: Generate txt template return_slip at /opt/bitnami/prestashop/modules//ps_emailalerts/mails/en/return_slip.txt [] []
[2020-11-30 18:56:15] app.INFO: Generate html template newsletter_conf at /opt/bitnami/prestashop/modules//ps_emailsubscription/mails/en/newsletter_conf.html [] []
[2020-11-30 18:56:15] app.INFO: Generate txt template newsletter_conf at /opt/bitnami/prestashop/modules//ps_emailsubscription/mails/en/newsletter_conf.txt [] []
[2020-11-30 18:56:15] app.INFO: Generate html template newsletter_verif at /opt/bitnami/prestashop/modules//ps_emailsubscription/mails/en/newsletter_verif.html [] []
[2020-11-30 18:56:15] app.INFO: Generate txt template newsletter_verif at /opt/bitnami/prestashop/modules//ps_emailsubscription/mails/en/newsletter_verif.txt [] []
[2020-11-30 18:56:15] app.INFO: Generate html template newsletter_voucher at /opt/bitnami/prestashop/modules//ps_emailsubscription/mails/en/newsletter_voucher.html [] []
[2020-11-30 18:56:15] app.INFO: Generate txt template newsletter_voucher at /opt/bitnami/prestashop/modules//ps_emailsubscription/mails/en/newsletter_voucher.txt [] []
[2020-11-30 18:56:15] app.INFO: Generate html template referralprogram-congratulations at /opt/bitnami/prestashop/modules//referralprogram/mails/en/referralprogram-congratulations.html [] []
[2020-11-30 18:56:15] app.INFO: Generate txt template referralprogram-congratulations at /opt/bitnami/prestashop/modules//referralprogram/mails/en/referralprogram-congratulations.txt [] []
[2020-11-30 18:56:15] app.INFO: Generate html template referralprogram-invitation at /opt/bitnami/prestashop/modules//referralprogram/mails/en/referralprogram-invitation.html [] []
[2020-11-30 18:56:15] app.INFO: Generate txt template referralprogram-invitation at /opt/bitnami/prestashop/modules//referralprogram/mails/en/referralprogram-invitation.txt [] []
[2020-11-30 18:56:15] app.INFO: Generate html template referralprogram-voucher at /opt/bitnami/prestashop/modules//referralprogram/mails/en/referralprogram-voucher.html [] []
[2020-11-30 18:56:15] app.INFO: Generate txt template referralprogram-voucher at /opt/bitnami/prestashop/modules//referralprogram/mails/en/referralprogram-voucher.txt [] []
[2020-11-30 18:56:27] app.INFO: Protect vendor folder in module contactform [] []
[2020-11-30 18:56:27] app.INFO: Module contactform has no vendor folder [] []
[2020-11-30 18:56:28] app.INFO: Protect vendor folder in module dashactivity [] []
[2020-11-30 18:56:28] app.INFO: Module dashactivity has no vendor folder [] []
[2020-11-30 18:56:28] app.INFO: Protect vendor folder in module dashtrends [] []
[2020-11-30 18:56:28] app.INFO: Module dashtrends has no vendor folder [] []
[2020-11-30 18:56:29] app.INFO: Protect vendor folder in module dashgoals [] []
[2020-11-30 18:56:29] app.INFO: Module dashgoals has no vendor folder [] []
[2020-11-30 18:56:29] app.INFO: Protect vendor folder in module dashproducts [] []
[2020-11-30 18:56:29] app.INFO: Module dashproducts has no vendor folder [] []
[2020-11-30 18:56:29] app.INFO: Protect vendor folder in module graphnvd3 [] []
[2020-11-30 18:56:29] app.INFO: Module graphnvd3 has no vendor folder [] []
[2020-11-30 18:56:29] app.INFO: Protect vendor folder in module gridhtml [] []
[2020-11-30 18:56:29] app.INFO: Module gridhtml has no vendor folder [] []
[2020-11-30 18:56:29] app.INFO: Protect vendor folder in module gsitemap [] []
[2020-11-30 18:56:29] app.INFO: Module gsitemap has no vendor folder [] []
[2020-11-30 18:56:30] app.INFO: Protect vendor folder in module ps_banner [] []
[2020-11-30 18:56:30] app.INFO: Module ps_banner has no vendor folder [] []
[2020-11-30 18:56:30] app.INFO: Protect vendor folder in module ps_categorytree [] []
[2020-11-30 18:56:30] app.INFO: Module ps_categorytree has no vendor folder [] []
[2020-11-30 18:56:30] app.INFO: Protect vendor folder in module ps_checkpayment [] []
[2020-11-30 18:56:30] app.INFO: Module ps_checkpayment has no vendor folder [] []
[2020-11-30 18:56:30] app.INFO: Protect vendor folder in module ps_contactinfo [] []
[2020-11-30 18:56:30] app.INFO: Module ps_contactinfo has no vendor folder [] []
[2020-11-30 18:56:30] app.INFO: Protect vendor folder in module ps_currencyselector [] []
[2020-11-30 18:56:30] app.INFO: Module ps_currencyselector has no vendor folder [] []
[2020-11-30 18:56:31] app.INFO: Protect vendor folder in module ps_customeraccountlinks [] []
[2020-11-30 18:56:31] app.INFO: Module ps_customeraccountlinks has no vendor folder [] []
[2020-11-30 18:56:31] app.INFO: Protect vendor folder in module ps_customersignin [] []
[2020-11-30 18:56:31] app.INFO: Module ps_customersignin has no vendor folder [] []
[2020-11-30 18:56:31] app.INFO: Protect vendor folder in module ps_customtext [] []
[2020-11-30 18:56:31] app.INFO: Module ps_customtext has no vendor folder [] []
[2020-11-30 18:56:31] app.INFO: Protect vendor folder in module ps_emailsubscription [] []
[2020-11-30 18:56:31] app.INFO: Module ps_emailsubscription has no vendor folder [] []
[2020-11-30 18:56:33] app.INFO: Protect vendor folder in module ps_facetedsearch [] []
[2020-11-30 18:56:33] app.INFO: Module ps_facetedsearch has no vendor folder [] []
[2020-11-30 18:56:33] app.INFO: Protect vendor folder in module ps_faviconnotificationbo [] []
[2020-11-30 18:56:33] app.INFO: Module ps_faviconnotificationbo has no vendor folder [] []
[2020-11-30 18:56:33] app.INFO: Protect vendor folder in module ps_featuredproducts [] []
[2020-11-30 18:56:33] app.INFO: Module ps_featuredproducts has no vendor folder [] []
[2020-11-30 18:56:34] app.INFO: Protect vendor folder in module ps_imageslider [] []
[2020-11-30 18:56:34] app.INFO: Module ps_imageslider has no vendor folder [] []
[2020-11-30 18:56:34] app.INFO: Protect vendor folder in module ps_languageselector [] []
[2020-11-30 18:56:34] app.INFO: Module ps_languageselector has no vendor folder [] []
[2020-11-30 18:56:35] app.INFO: Protect vendor folder in module ps_linklist [] []
[2020-11-30 18:56:35] app.INFO: Module ps_linklist has no vendor folder [] []
[2020-11-30 18:56:35] app.ERROR: Class "AdminLinkWidgetController" not found in controllers/admin [] []
[2020-11-30 18:56:35] app.INFO: Protect vendor folder in module ps_mainmenu [] []
[2020-11-30 18:56:35] app.INFO: Module ps_mainmenu has no vendor folder [] []
[2020-11-30 18:56:36] app.INFO: Protect vendor folder in module ps_searchbar [] []
[2020-11-30 18:56:36] app.INFO: Module ps_searchbar has no vendor folder [] []
[2020-11-30 18:56:36] app.INFO: Protect vendor folder in module ps_sharebuttons [] []
[2020-11-30 18:56:36] app.INFO: Module ps_sharebuttons has no vendor folder [] []
[2020-11-30 18:56:36] app.INFO: Protect vendor folder in module ps_shoppingcart [] []
[2020-11-30 18:56:36] app.INFO: Module ps_shoppingcart has no vendor folder [] []
[2020-11-30 18:56:36] app.INFO: Protect vendor folder in module ps_socialfollow [] []
[2020-11-30 18:56:36] app.INFO: Module ps_socialfollow has no vendor folder [] []
[2020-11-30 18:56:36] app.INFO: Protect vendor folder in module ps_themecusto [] []
[2020-11-30 18:56:36] app.INFO: Module ps_themecusto has no vendor folder [] []
[2020-11-30 18:56:37] app.INFO: Protect vendor folder in module ps_wirepayment [] []
[2020-11-30 18:56:37] app.INFO: Module ps_wirepayment has no vendor folder [] []
[2020-11-30 18:56:37] app.INFO: Protect vendor folder in module pagesnotfound [] []
[2020-11-30 18:56:37] app.INFO: Module pagesnotfound has no vendor folder [] []
[2020-11-30 18:56:37] app.INFO: Protect vendor folder in module sekeywords [] []
[2020-11-30 18:56:37] app.INFO: Module sekeywords has no vendor folder [] []
[2020-11-30 18:56:37] app.INFO: Protect vendor folder in module statsbestcategories [] []
[2020-11-30 18:56:37] app.INFO: Module statsbestcategories has no vendor folder [] []
[2020-11-30 18:56:37] app.INFO: Protect vendor folder in module statsbestcustomers [] []
[2020-11-30 18:56:37] app.INFO: Module statsbestcustomers has no vendor folder [] []
[2020-11-30 18:56:37] app.INFO: Protect vendor folder in module statsbestproducts [] []
[2020-11-30 18:56:37] app.INFO: Module statsbestproducts has no vendor folder [] []
[2020-11-30 18:56:38] app.INFO: Protect vendor folder in module statsbestsuppliers [] []
[2020-11-30 18:56:38] app.INFO: Module statsbestsuppliers has no vendor folder [] []
[2020-11-30 18:56:38] app.INFO: Protect vendor folder in module statsbestvouchers [] []
[2020-11-30 18:56:38] app.INFO: Module statsbestvouchers has no vendor folder [] []
[2020-11-30 18:56:38] app.INFO: Protect vendor folder in module statscarrier [] []
[2020-11-30 18:56:38] app.INFO: Module statscarrier has no vendor folder [] []
[2020-11-30 18:56:38] app.INFO: Protect vendor folder in module statscatalog [] []
[2020-11-30 18:56:38] app.INFO: Module statscatalog has no vendor folder [] []
[2020-11-30 18:56:38] app.INFO: Protect vendor folder in module statscheckup [] []
[2020-11-30 18:56:38] app.INFO: Module statscheckup has no vendor folder [] []
[2020-11-30 18:56:38] app.INFO: Protect vendor folder in module statsdata [] []
[2020-11-30 18:56:38] app.INFO: Module statsdata has no vendor folder [] []
[2020-11-30 18:56:38] app.INFO: Protect vendor folder in module statsequipment [] []
[2020-11-30 18:56:38] app.INFO: Module statsequipment has no vendor folder [] []
[2020-11-30 18:56:39] app.INFO: Protect vendor folder in module statsforecast [] []
[2020-11-30 18:56:39] app.INFO: Module statsforecast has no vendor folder [] []
[2020-11-30 18:56:39] app.INFO: Protect vendor folder in module statslive [] []
[2020-11-30 18:56:39] app.INFO: Module statslive has no vendor folder [] []
[2020-11-30 18:56:39] app.INFO: Protect vendor folder in module statsnewsletter [] []
[2020-11-30 18:56:39] app.INFO: Module statsnewsletter has no vendor folder [] []
[2020-11-30 18:56:39] app.INFO: Protect vendor folder in module statsorigin [] []
[2020-11-30 18:56:39] app.INFO: Module statsorigin has no vendor folder [] []
[2020-11-30 18:56:39] app.INFO: Protect vendor folder in module statspersonalinfos [] []
[2020-11-30 18:56:39] app.INFO: Module statspersonalinfos has no vendor folder [] []
[2020-11-30 18:56:39] app.INFO: Protect vendor folder in module statsproduct [] []
[2020-11-30 18:56:39] app.INFO: Module statsproduct has no vendor folder [] []
[2020-11-30 18:56:39] app.INFO: Protect vendor folder in module statsregistrations [] []
[2020-11-30 18:56:39] app.INFO: Module statsregistrations has no vendor folder [] []
[2020-11-30 18:56:39] app.INFO: Protect vendor folder in module statssales [] []
[2020-11-30 18:56:39] app.INFO: Module statssales has no vendor folder [] []
[2020-11-30 18:56:40] app.INFO: Protect vendor folder in module statssearch [] []
[2020-11-30 18:56:40] app.INFO: Module statssearch has no vendor folder [] []
[2020-11-30 18:56:40] app.INFO: Protect vendor folder in module statsstock [] []
[2020-11-30 18:56:40] app.INFO: Module statsstock has no vendor folder [] []
[2020-11-30 18:56:40] app.INFO: Protect vendor folder in module statsvisits [] []
[2020-11-30 18:56:40] app.INFO: Module statsvisits has no vendor folder [] []
[2020-11-30 18:56:40] app.INFO: Protect vendor folder in module welcome [] []
[2020-11-30 18:56:41] app.INFO: Exporting mail with theme modern for language English (English) [] []
[2020-11-30 18:56:41] app.INFO: Core output folder: /opt/bitnami/prestashop/mails [] []
[2020-11-30 18:56:41] app.INFO: Modules output folder: /opt/bitnami/prestashop/modules/ [] []
[2020-11-30 18:56:53] app.INFO: Protect vendor folder in module gamification [] []
[2020-11-30 18:56:53] app.INFO: Protect vendor folder in module psaddonsconnect [] []
[2020-11-30 18:56:54] app.INFO: Protect vendor folder in module psgdpr [] []
[2020-11-30 18:56:54] app.INFO: Protect vendor folder in module ps_mbo [] []
[2020-11-30 18:56:55] app.INFO: Protect vendor folder in module ps_buybuttonlite [] []
[2020-11-30 18:56:55] app.INFO: Exporting mail with theme modern for language English (English) [] []
[2020-11-30 18:56:55] app.INFO: Core output folder: /opt/bitnami/prestashop/mails [] []
[2020-11-30 18:56:55] app.INFO: Modules output folder: /opt/bitnami/prestashop/modules/ [] []
[2020-11-30 18:56:55] app.INFO: Protect vendor folder in module blockreassurance [] []
[2020-11-30 18:56:55] app.INFO: Module blockreassurance has no vendor folder [] []
[2020-11-30 18:57:18] app.INFO: Protect vendor folder in module ps_facetedsearch [] []
[2020-11-30 18:57:18] app.INFO: Module ps_facetedsearch has no vendor folder [] []
[2020-12-04 23:12:49] request.INFO: Matched route "admin_payment_methods". {"route":"admin_payment_methods","route_parameters":{"_controller":"PrestaShopBundle\\Controller\\Admin\\Improve\\Payment\\PaymentMethodsController::indexAction","_legacy_controller":"AdminPayment","_legacy_link":"AdminPayment","_route":"admin_payment_methods"},"request_uri":"http://191.232.52.227/administration/index.php/improve/payment/payment_methods?_token=FcUDKSNqgOgRq9ohm70ZsehVRwhylI3ncJEus8VgDhQ","method":"GET"} []
[2020-12-04 23:12:49] security.DEBUG: Read existing security token from the session. {"key":"_security_main","token_class":"Symfony\\Component\\Security\\Core\\Authentication\\Token\\UsernamePasswordToken"} []
[2020-12-04 23:12:49] security.DEBUG: User was reloaded from a user provider. {"provider":"PrestaShopBundle\\Security\\Admin\\EmployeeProvider","username":"user@example.com"} []
[2020-12-04 23:12:52] app.ERROR: The addon with id 29992 does not have name. [] []
[2020-12-04 23:12:52] security.DEBUG: Stored the security token in the session. {"key":"_security_main"} []
[2020-12-04 23:48:49] request.INFO: Matched route "admin_module_manage". {"route":"admin_module_manage","route_parameters":{"category":null,"keyword":null,"_controller":"PrestaShopBundle\\Controller\\Admin\\Improve\\ModuleController::manageAction","_legacy_controller":"AdminModulesManage","_legacy_link":["AdminModulesManage","AdminModulesSf"],"_route":"admin_module_manage"},"request_uri":"http://191.232.52.227/administration/index.php/improve/modules/manage?_token=FcUDKSNqgOgRq9ohm70ZsehVRwhylI3ncJEus8VgDhQ","method":"GET"} []
[2020-12-04 23:48:49] security.DEBUG: Read existing security token from the session. {"key":"_security_main","token_class":"Symfony\\Component\\Security\\Core\\Authentication\\Token\\UsernamePasswordToken"} []
[2020-12-04 23:48:49] security.DEBUG: User was reloaded from a user provider. {"provider":"PrestaShopBundle\\Security\\Admin\\EmployeeProvider","username":"user@example.com"} []
[2020-12-04 23:48:52] app.ERROR: The addon with id 29992 does not have name. [] []
[2020-12-04 23:48:53] security.DEBUG: Stored the security token in the session. {"key":"_security_main"} []
[2020-12-05 00:04:55] request.INFO: Matched route "admin_international_translations_add_update_language". {"route":"admin_international_translations_add_update_language","route_parameters":{"_controller":"PrestaShopBundle\\Controller\\Admin\\TranslationsController::addUpdateLanguageAction","_legacy_controller":"AdminTranslations","_legacy_link":"AdminTranslations:submitAddLanguage","_route":"admin_international_translations_add_update_language"},"request_uri":"http://191.232.52.227/administration/index.php/improve/international/translations/add-update-language?_token=FcUDKSNqgOgRq9ohm70ZsehVRwhylI3ncJEus8VgDhQ","method":"POST"} []
[2020-12-05 00:04:55] security.DEBUG: Read existing security token from the session. {"key":"_security_main","token_class":"Symfony\\Component\\Security\\Core\\Authentication\\Token\\UsernamePasswordToken"} []
[2020-12-05 00:04:55] security.DEBUG: User was reloaded from a user provider. {"provider":"PrestaShopBundle\\Security\\Admin\\EmployeeProvider","username":"user@example.com"} []
[2020-12-05 00:04:58] app.ERROR: The addon with id 29992 does not have name. [] []
[2020-12-05 00:04:59] app.INFO: Exporting mail with theme modern for language English (English) [] []
[2020-12-05 00:04:59] app.INFO: Core output folder: /bitnami/prestashop/mails [] []
[2020-12-05 00:04:59] app.INFO: Modules output folder: /bitnami/prestashop/modules/ [] []
[2020-12-05 00:05:00] request.CRITICAL: Uncaught PHP Exception Symfony\Component\Debug\Exception\FatalErrorException: "Compile Error: require(): Failed opening required '/bitnami/prestashop/var/cache/prod/ContainerUbe07s5/getRouting_LoaderService.php' (include_path='/bitnami/prestashop/vendor/pear/pear_exception:/bitnami/prestashop/vendor/pear/console_getopt:/bitnami/prestashop/vendor/pear/pear-core-minimal/src:/bitnami/prestashop/vendor/pear/archive_tar:.:/opt/bitnami/php/lib/php')" at /bitnami/prestashop/var/cache/prod/ContainerUbe07s5/appProdProjectContainer.php line 1647 {"exception":"[object] (Symfony\\Component\\Debug\\Exception\\FatalErrorException(code: 0): Compile Error: require(): Failed opening required '/bitnami/prestashop/var/cache/prod/ContainerUbe07s5/getRouting_LoaderService.php' (include_path='/bitnami/prestashop/vendor/pear/pear_exception:/bitnami/prestashop/vendor/pear/console_getopt:/bitnami/prestashop/vendor/pear/pear-core-minimal/src:/bitnami/prestashop/vendor/pear/archive_tar:.:/opt/bitnami/php/lib/php') at /bitnami/prestashop/var/cache/prod/ContainerUbe07s5/appProdProjectContainer.php:1647)"} []
[2021-01-03 11:37:44] request.INFO: Matched route "api_translation_value_reset". {"route":"api_translation_value_reset","route_parameters":{"_controller":"prestashop.core.api.translation.controller:translationResetAction","_legacy_controller":"AdminTranslations","_route":"api_translation_value_reset"},"request_uri":"http://191.232.52.227/administration/index.php/api/translations/reset?_token=k6SGDfFeVqvIAbuErscTvyA0Lxd7POD6kWsIebr7Sbc","method":"POST"} []
[2021-01-03 11:37:44] security.DEBUG: Read existing security token from the session. {"key":"_security_main","token_class":"Symfony\\Component\\Security\\Core\\Authentication\\Token\\UsernamePasswordToken"} []
[2021-01-03 11:37:44] security.DEBUG: User was reloaded from a user provider. {"provider":"PrestaShopBundle\\Security\\Admin\\EmployeeProvider","username":"user@example.com"} []
[2021-01-03 11:37:44] app.ERROR: EntityManager#remove() expects parameter 1 to be an entity object, NULL given. [] []
[2021-01-03 11:37:45] cache.WARNING: Failed to clear the cache {"exception":"[object] (UnexpectedValueException(code: 0): RecursiveDirectoryIterator::__construct(/bitnami/prestashop/var/cache/prod/pools/14jC6i81mT/): failed to open dir: No such file or directory at /bitnami/prestashop/vendor/symfony/symfony/src/Symfony/Component/Cache/Traits/FilesystemCommonTrait.php:58)"} []
[2021-01-03 11:37:45] cache.WARNING: Failed to clear the cache {"exception":"[object] (UnexpectedValueException(code: 0): RecursiveDirectoryIterator::__construct(/bitnami/prestashop/var/cache/prod/pools/KlwdOfJ6Gs/): failed to open dir: No such file or directory at /bitnami/prestashop/vendor/symfony/symfony/src/Symfony/Component/Cache/Traits/FilesystemCommonTrait.php:58)"} []
[2021-01-03 11:37:45] cache.WARNING: Failed to clear the cache {"exception":"[object] (UnexpectedValueException(code: 0): RecursiveDirectoryIterator::__construct(/bitnami/prestashop/var/cache/prod/pools/4Bv1Bb8zDD/): failed to open dir: No such file or directory at /bitnami/prestashop/vendor/symfony/symfony/src/Symfony/Component/Cache/Traits/FilesystemCommonTrait.php:58)"} []
[2021-01-03 11:37:45] cache.WARNING: Failed to clear the cache {"exception":"[object] (UnexpectedValueException(code: 0): RecursiveDirectoryIterator::__construct(/bitnami/prestashop/var/cache/prod/pools/GIzgXRQAvA/): failed to open dir: No such file or directory at /bitnami/prestashop/vendor/symfony/symfony/src/Symfony/Component/Cache/Traits/FilesystemCommonTrait.php:58)"} []
[2021-01-03 11:37:45] security.DEBUG: Stored the security token in the session. {"key":"_security_main"} []
[2021-01-03 11:38:19] request.INFO: Matched route "api_translation_value_reset". {"route":"api_translation_value_reset","route_parameters":{"_controller":"prestashop.core.api.translation.controller:translationResetAction","_legacy_controller":"AdminTranslations","_route":"api_translation_value_reset"},"request_uri":"http://191.232.52.227/administration/index.php/api/translations/reset?_token=k6SGDfFeVqvIAbuErscTvyA0Lxd7POD6kWsIebr7Sbc","method":"POST"} []
[2021-01-03 11:38:19] security.DEBUG: Read existing security token from the session. {"key":"_security_main","token_class":"Symfony\\Component\\Security\\Core\\Authentication\\Token\\UsernamePasswordToken"} []
[2021-01-03 11:38:19] security.DEBUG: User was reloaded from a user provider. {"provider":"PrestaShopBundle\\Security\\Admin\\EmployeeProvider","username":"user@example.com"} []
[2021-01-03 11:38:19] app.ERROR: EntityManager#remove() expects parameter 1 to be an entity object, NULL given. [] []
[2021-01-03 11:38:19] cache.WARNING: Failed to clear the cache {"exception":"[object] (UnexpectedValueException(code: 0): RecursiveDirectoryIterator::__construct(/bitnami/prestashop/var/cache/prod/pools/14jC6i81mT/): failed to open dir: No such file or directory at /bitnami/prestashop/vendor/symfony/symfony/src/Symfony/Component/Cache/Traits/FilesystemCommonTrait.php:58)"} []
[2021-01-03 11:38:19] cache.WARNING: Failed to clear the cache {"exception":"[object] (UnexpectedValueException(code: 0): RecursiveDirectoryIterator::__construct(/bitnami/prestashop/var/cache/prod/pools/KlwdOfJ6Gs/): failed to open dir: No such file or directory at /bitnami/prestashop/vendor/symfony/symfony/src/Symfony/Component/Cache/Traits/FilesystemCommonTrait.php:58)"} []
[2021-01-03 11:38:19] cache.WARNING: Failed to clear the cache {"exception":"[object] (UnexpectedValueException(code: 0): RecursiveDirectoryIterator::__construct(/bitnami/prestashop/var/cache/prod/pools/4Bv1Bb8zDD/): failed to open dir: No such file or directory at /bitnami/prestashop/vendor/symfony/symfony/src/Symfony/Component/Cache/Traits/FilesystemCommonTrait.php:58)"} []
[2021-01-03 11:38:19] cache.WARNING: Failed to clear the cache {"exception":"[object] (UnexpectedValueException(code: 0): RecursiveDirectoryIterator::__construct(/bitnami/prestashop/var/cache/prod/pools/GIzgXRQAvA/): failed to open dir: No such file or directory at /bitnami/prestashop/vendor/symfony/symfony/src/Symfony/Component/Cache/Traits/FilesystemCommonTrait.php:58)"} []
[2021-01-03 11:38:19] security.DEBUG: Stored the security token in the session. {"key":"_security_main"} []
